<!DOCTYPE html PUBLIC "-//W3C//DTD XHTML 1.0 Transitional//EN" "http://www.w3.org/TR/xhtml1/DTD/xhtml1-transitional.dtd">
<!-- Generated by Apache Maven Doxia Site Renderer 1.6 at 2018-06-22 -->
<html xmlns="http://www.w3.org/1999/xhtml" xml:lang="en" lang="en">
  <head>
    <meta http-equiv="Content-Type" content="text/html; charset=UTF-8" />
    <title>Surefire Report</title>
    <style type="text/css" media="all">
      @import url("./css/maven-base.css");
      @import url("./css/maven-theme.css");
      @import url("./css/site.css");
    </style>
    <link rel="stylesheet" href="./css/print.css" type="text/css" media="print" />
    <meta name="Date-Revision-yyyymmdd" content="20180622" />
    <meta http-equiv="Content-Language" content="en" />
        
        </head>
  <body class="composite">
    <div id="banner">
                      <div class="clear">
        <hr/>
      </div>
    </div>
    <div id="breadcrumbs">
            
                    
                <div class="xleft">
        <span id="publishDate">Last Published: 2018-06-22</span>
                  &nbsp;| <span id="projectVersion">Version: 2.21.0-SNAPSHOT</span>
                      </div>
            <div class="xright">        
                    
      </div>
      <div class="clear">
        <hr/>
      </div>
    </div>
    <div id="leftColumn">
      <div id="navcolumn">
             
                    
                                      <a href="http://maven.apache.org/" title="Built by Maven" class="poweredBy">
        <img class="poweredBy" alt="Built by Maven" src="./images/logos/maven-feather.png" />
      </a>
                   
                    
            </div>
    </div>
    <div id="bodyColumn">
      <div id="contentBox">
        <script type="text/javascript">
//<![CDATA[
function toggleDisplay(elementId) {
 var elm = document.getElementById(elementId + '-error');
 if (elm == null) {
  elm = document.getElementById(elementId + '-failure');
 }
 if (elm && typeof elm.style != "undefined") {
  if (elm.style.display == "none") {
   elm.style.display = "";
   document.getElementById(elementId + '-off').style.display = "none";
   document.getElementById(elementId + '-on').style.display = "inline";
  } else if (elm.style.display == "") {   elm.style.display = "none";
   document.getElementById(elementId + '-off').style.display = "inline";
   document.getElementById(elementId + '-on').style.display = "none";
  } 
 } 
 }
//]]>
</script>
<div class="section">
<h2><a name="Surefire_Report"></a>Surefire Report</h2></div>
<div class="section">
<h2><a name="Summary"></a>Summary</h2><a name="Summary"></a>
<p>[<a href="#Summary">Summary</a>] [<a href="#Package_List">Package List</a>] [<a href="#Test_Cases">Test Cases</a>]</p><br />
<table border="1" class="bodyTable">
<tr class="a">
<th>Tests</th>
<th>Errors</th>
<th>Failures</th>
<th>Skipped</th>
<th>Success Rate</th>
<th>Time</th></tr>
<tr class="b">
<td>3</td>
<td>2</td>
<td>0</td>
<td>0</td>
<td>33.333%</td>
<td>145.155</td></tr></table><br />
<p>Note: failures are anticipated and checked for with assertions while errors are unanticipated.</p><br /></div>
<div class="section">
<h2><a name="Package_List"></a>Package List</h2><a name="Package_List"></a>
<p>[<a href="#Summary">Summary</a>] [<a href="#Package_List">Package List</a>] [<a href="#Test_Cases">Test Cases</a>]</p><br />
<table border="1" class="bodyTable">
<tr class="a">
<th>Package</th>
<th>Tests</th>
<th>Errors</th>
<th>Failures</th>
<th>Skipped</th>
<th>Success Rate</th>
<th>Time</th></tr>
<tr class="b">
<td><a href="#com.Pro_Papers">com.Pro_Papers</a></td>
<td>1</td>
<td>1</td>
<td>0</td>
<td>0</td>
<td>0%</td>
<td>53.008</td></tr>
<tr class="a">
<td><a href="#com.Pro_Papers.CurrentOrders">com.Pro_Papers.CurrentOrders</a></td>
<td>1</td>
<td>1</td>
<td>0</td>
<td>0</td>
<td>0%</td>
<td>63.594</td></tr>
<tr class="b">
<td><a href="#com.vipwriters">com.vipwriters</a></td>
<td>1</td>
<td>0</td>
<td>0</td>
<td>0</td>
<td>100%</td>
<td>28.553</td></tr></table><br />
<p>Note: package statistics are not computed recursively, they only sum up all of its testsuites numbers.</p>
<div class="section">
<h3><a name="com.Pro_Papers"></a>com.Pro_Papers</h3><a name="com.Pro_Papers"></a>
<table border="1" class="bodyTable">
<tr class="a">
<th></th>
<th>Class</th>
<th>Tests</th>
<th>Errors</th>
<th>Failures</th>
<th>Skipped</th>
<th>Success Rate</th>
<th>Time</th></tr>
<tr class="b">
<td><a href="#com.Pro_Papers.LoginClientTest"><img src="images/icon_error_sml.gif" alt="" /></a></td>
<td><a href="#com.Pro_Papers.LoginClientTest">LoginClientTest</a></td>
<td>1</td>
<td>1</td>
<td>0</td>
<td>0</td>
<td>0%</td>
<td>53.008</td></tr></table></div>
<div class="section">
<h3><a name="com.Pro_Papers.CurrentOrders"></a>com.Pro_Papers.CurrentOrders</h3><a name="com.Pro_Papers.CurrentOrders"></a>
<table border="1" class="bodyTable">
<tr class="a">
<th></th>
<th>Class</th>
<th>Tests</th>
<th>Errors</th>
<th>Failures</th>
<th>Skipped</th>
<th>Success Rate</th>
<th>Time</th></tr>
<tr class="b">
<td><a href="#com.Pro_Papers.CurrentOrders.DetailedOrderViewTest"><img src="images/icon_error_sml.gif" alt="" /></a></td>
<td><a href="#com.Pro_Papers.CurrentOrders.DetailedOrderViewTest">DetailedOrderViewTest</a></td>
<td>1</td>
<td>1</td>
<td>0</td>
<td>0</td>
<td>0%</td>
<td>63.594</td></tr></table></div>
<div class="section">
<h3><a name="com.vipwriters"></a>com.vipwriters</h3><a name="com.vipwriters"></a>
<table border="1" class="bodyTable">
<tr class="a">
<th></th>
<th>Class</th>
<th>Tests</th>
<th>Errors</th>
<th>Failures</th>
<th>Skipped</th>
<th>Success Rate</th>
<th>Time</th></tr>
<tr class="b">
<td><a href="#com.vipwriters.LoginTest"><img src="images/icon_success_sml.gif" alt="" /></a></td>
<td><a href="#com.vipwriters.LoginTest">LoginTest</a></td>
<td>1</td>
<td>0</td>
<td>0</td>
<td>0</td>
<td>100%</td>
<td>28.553</td></tr></table></div><br /></div>
<div class="section">
<h2><a name="Test_Cases"></a>Test Cases</h2><a name="Test_Cases"></a>
<p>[<a href="#Summary">Summary</a>] [<a href="#Package_List">Package List</a>] [<a href="#Test_Cases">Test Cases</a>]</p>
<div class="section">
<h3><a name="DetailedOrderViewTest"></a>DetailedOrderViewTest</h3><a name="com.Pro_Papers.CurrentOrders.DetailedOrderViewTest"></a>
<table border="1" class="bodyTable">
<tr class="a">
<td><a href="#com.Pro_Papers.CurrentOrders.DetailedOrderViewTest.DetaileOrder"><img src="images/icon_error_sml.gif" alt="" /></a></td>
<td><a name="TC_com.Pro_Papers.CurrentOrders.DetailedOrderViewTest.DetaileOrder"></a><a href="#com.Pro_Papers.CurrentOrders.DetailedOrderViewTest.DetaileOrder">DetaileOrder</a>
<div class="detailToggle" style="display:inline"><a href="javascript:toggleDisplay('com.Pro_Papers.CurrentOrders.DetailedOrderViewTest.DetaileOrder');"><span style="display:inline;" id="com.Pro_Papers.CurrentOrders.DetailedOrderViewTest.DetaileOrder-off"> + </span><span style="display:none;" id="com.Pro_Papers.CurrentOrders.DetailedOrderViewTest.DetaileOrder-on"> - </span>[ Detail ]</a></div></td>
<td>63.594</td></tr>
<tr class="b">
<td></td>
<td>Unable to locate element: .table &gt; tbody:nth-child(2) &gt; tr:nth-child(48) &gt; td:nth-child(1) &gt; a:nth-child(1) For documentation on this error, please visit: http://seleniumhq.org/exceptions/no_such_element.html Build info: version: '3.12.0', revision: '7c6e0b3', time: '2018-05-08T14:04:26.12Z' System info: host: 'DESKTOP-6L7S93F', ip: '192.168.0.110', os.name: 'Windows 10', os.arch: 'amd64', os.version: '10.0', java.version: '9.0.1' Driver info: org.openqa.selenium.firefox.FirefoxDriver Capabilities {acceptInsecureCerts: true, browserName: firefox, browserVersion: 60.0.2, javascriptEnabled: true, moz:accessibilityChecks: false, moz:headless: false, moz:processID: 12556, moz:profile: C:\Users\dmytr\AppData\Loca..., moz:useNonSpecCompliantPointerOrigin: false, moz:webdriverClick: true, pageLoadStrategy: normal, platform: XP, platformName: XP, platformVersion: 10.0, rotatable: false, timeouts: {implicit: 0, pageLoad: 300000, script: 30000}} Session ID: d29eadfc-e83e-42d0-8bda-e200b3889b7b *** Element info: {Using=css selector, value=.table &gt; tbody:nth-child(2) &gt; tr:nth-child(48) &gt; td:nth-child(1) &gt; a:nth-child(1)}</td>
<td></td></tr>
<tr class="a">
<td></td>
<td>
<div id="com.Pro_Papers.CurrentOrders.DetailedOrderViewTest.DetaileOrder-error" style="display:none;">
<div>
<pre>org.openqa.selenium.NoSuchElementException: Unable to locate element: .table &gt; tbody:nth-child(2) &gt; tr:nth-child(48) &gt; td:nth-child(1) &gt; a:nth-child(1)
For documentation on this error, please visit: http://seleniumhq.org/exceptions/no_such_element.html
Build info: version: '3.12.0', revision: '7c6e0b3', time: '2018-05-08T14:04:26.12Z'
System info: host: 'DESKTOP-6L7S93F', ip: '192.168.0.110', os.name: 'Windows 10', os.arch: 'amd64', os.version: '10.0', java.version: '9.0.1'
Driver info: org.openqa.selenium.firefox.FirefoxDriver
Capabilities {acceptInsecureCerts: true, browserName: firefox, browserVersion: 60.0.2, javascriptEnabled: true, moz:accessibilityChecks: false, moz:headless: false, moz:processID: 12556, moz:profile: C:\Users\dmytr\AppData\Loca..., moz:useNonSpecCompliantPointerOrigin: false, moz:webdriverClick: true, pageLoadStrategy: normal, platform: XP, platformName: XP, platformVersion: 10.0, rotatable: false, timeouts: {implicit: 0, pageLoad: 300000, script: 30000}}
Session ID: d29eadfc-e83e-42d0-8bda-e200b3889b7b
*** Element info: {Using=css selector, value=.table &gt; tbody:nth-child(2) &gt; tr:nth-child(48) &gt; td:nth-child(1) &gt; a:nth-child(1)}
	at java.base/jdk.internal.reflect.NativeConstructorAccessorImpl.newInstance0(Native Method)
	at java.base/jdk.internal.reflect.NativeConstructorAccessorImpl.newInstance(NativeConstructorAccessorImpl.java:62)
	at java.base/jdk.internal.reflect.DelegatingConstructorAccessorImpl.newInstance(DelegatingConstructorAccessorImpl.java:45)
	at java.base/java.lang.reflect.Constructor.newInstance(Constructor.java:488)
	at org.openqa.selenium.remote.http.W3CHttpResponseCodec.createException(W3CHttpResponseCodec.java:187)
	at org.openqa.selenium.remote.http.W3CHttpResponseCodec.decode(W3CHttpResponseCodec.java:122)
	at org.openqa.selenium.remote.http.W3CHttpResponseCodec.decode(W3CHttpResponseCodec.java:49)
	at org.openqa.selenium.remote.HttpCommandExecutor.execute(HttpCommandExecutor.java:158)
	at org.openqa.selenium.remote.service.DriverCommandExecutor.execute(DriverCommandExecutor.java:83)
	at org.openqa.selenium.remote.RemoteWebDriver.execute(RemoteWebDriver.java:543)
	at org.openqa.selenium.remote.RemoteWebDriver.findElement(RemoteWebDriver.java:317)
	at org.openqa.selenium.remote.RemoteWebDriver.findElementByCssSelector(RemoteWebDriver.java:411)
	at org.openqa.selenium.By$ByCssSelector.findElement(By.java:431)
	at org.openqa.selenium.remote.RemoteWebDriver.findElement(RemoteWebDriver.java:309)
	at com.Pro_Papers.CurrentOrders.DetailedOrderViewTest.DetaileOrder(DetailedOrderViewTest.java:16)
	at java.base/jdk.internal.reflect.NativeMethodAccessorImpl.invoke0(Native Method)
	at java.base/jdk.internal.reflect.NativeMethodAccessorImpl.invoke(NativeMethodAccessorImpl.java:62)
	at java.base/jdk.internal.reflect.DelegatingMethodAccessorImpl.invoke(DelegatingMethodAccessorImpl.java:43)
	at java.base/java.lang.reflect.Method.invoke(Method.java:564)
	at org.junit.runners.model.FrameworkMethod$1.runReflectiveCall(FrameworkMethod.java:50)
	at org.junit.internal.runners.model.ReflectiveCallable.run(ReflectiveCallable.java:12)
	at org.junit.runners.model.FrameworkMethod.invokeExplosively(FrameworkMethod.java:47)
	at org.junit.internal.runners.statements.InvokeMethod.evaluate(InvokeMethod.java:17)
	at org.junit.internal.runners.statements.RunBefores.evaluate(RunBefores.java:26)
	at org.junit.internal.runners.statements.RunAfters.evaluate(RunAfters.java:27)
	at org.junit.runners.ParentRunner.runLeaf(ParentRunner.java:325)
	at org.junit.runners.BlockJUnit4ClassRunner.runChild(BlockJUnit4ClassRunner.java:78)
	at org.junit.runners.BlockJUnit4ClassRunner.runChild(BlockJUnit4ClassRunner.java:57)
	at org.junit.runners.ParentRunner$3.run(ParentRunner.java:290)
	at org.junit.runners.ParentRunner$1.schedule(ParentRunner.java:71)
	at org.junit.runners.ParentRunner.runChildren(ParentRunner.java:288)
	at org.junit.runners.ParentRunner.access$000(ParentRunner.java:58)
	at org.junit.runners.ParentRunner$2.evaluate(ParentRunner.java:268)
	at org.junit.runners.ParentRunner.run(ParentRunner.java:363)
	at org.apache.maven.surefire.junit4.JUnit4Provider.execute(JUnit4Provider.java:252)
	at org.apache.maven.surefire.junit4.JUnit4Provider.executeTestSet(JUnit4Provider.java:141)
	at org.apache.maven.surefire.junit4.JUnit4Provider.invoke(JUnit4Provider.java:112)
	at java.base/jdk.internal.reflect.NativeMethodAccessorImpl.invoke0(Native Method)
	at java.base/jdk.internal.reflect.NativeMethodAccessorImpl.invoke(NativeMethodAccessorImpl.java:62)
	at java.base/jdk.internal.reflect.DelegatingMethodAccessorImpl.invoke(DelegatingMethodAccessorImpl.java:43)
	at java.base/java.lang.reflect.Method.invoke(Method.java:564)
	at org.apache.maven.surefire.util.ReflectionUtils.invokeMethodWithArray(ReflectionUtils.java:189)
	at org.apache.maven.surefire.booter.ProviderFactory$ProviderProxy.invoke(ProviderFactory.java:165)
	at org.apache.maven.surefire.booter.ProviderFactory.invokeProvider(ProviderFactory.java:85)
	at org.apache.maven.surefire.booter.ForkedBooter.runSuitesInProcess(ForkedBooter.java:115)
	at org.apache.maven.surefire.booter.ForkedBooter.main(ForkedBooter.java:75)</pre></div></div></td>
<td></td></tr></table></div>
<div class="section">
<h3><a name="LoginClientTest"></a>LoginClientTest</h3><a name="com.Pro_Papers.LoginClientTest"></a>
<table border="1" class="bodyTable">
<tr class="a">
<td><a href="#com.Pro_Papers.LoginClientTest.Login1"><img src="images/icon_error_sml.gif" alt="" /></a></td>
<td><a name="TC_com.Pro_Papers.LoginClientTest.Login1"></a><a href="#com.Pro_Papers.LoginClientTest.Login1">Login1</a>
<div class="detailToggle" style="display:inline"><a href="javascript:toggleDisplay('com.Pro_Papers.LoginClientTest.Login1');"><span style="display:inline;" id="com.Pro_Papers.LoginClientTest.Login1-off"> + </span><span style="display:none;" id="com.Pro_Papers.LoginClientTest.Login1-on"> - </span>[ Detail ]</a></div></td>
<td>53.008</td></tr>
<tr class="b">
<td></td>
<td>Unable to locate element: //*[@id=&quot;mm-0&quot;]/div[3]/div/div[1]/div[1]/div[2]/span[1] For documentation on this error, please visit: http://seleniumhq.org/exceptions/no_such_element.html Build info: version: '3.12.0', revision: '7c6e0b3', time: '2018-05-08T14:04:26.12Z' System info: host: 'DESKTOP-6L7S93F', ip: '192.168.0.110', os.name: 'Windows 10', os.arch: 'amd64', os.version: '10.0', java.version: '9.0.1' Driver info: org.openqa.selenium.firefox.FirefoxDriver Capabilities {acceptInsecureCerts: true, browserName: firefox, browserVersion: 60.0.2, javascriptEnabled: true, moz:accessibilityChecks: false, moz:headless: false, moz:processID: 18304, moz:profile: C:\Users\dmytr\AppData\Loca..., moz:useNonSpecCompliantPointerOrigin: false, moz:webdriverClick: true, pageLoadStrategy: normal, platform: XP, platformName: XP, platformVersion: 10.0, rotatable: false, timeouts: {implicit: 0, pageLoad: 300000, script: 30000}} Session ID: dbc4966e-90c9-4853-88a6-d4286aa930f5 *** Element info: {Using=xpath, value=//*[@id=&quot;mm-0&quot;]/div[3]/div/div[1]/div[1]/div[2]/span[1]}</td>
<td></td></tr>
<tr class="a">
<td></td>
<td>
<div id="com.Pro_Papers.LoginClientTest.Login1-error" style="display:none;">
<div>
<pre>org.openqa.selenium.NoSuchElementException: Unable to locate element: //*[@id=&quot;mm-0&quot;]/div[3]/div/div[1]/div[1]/div[2]/span[1]
For documentation on this error, please visit: http://seleniumhq.org/exceptions/no_such_element.html
Build info: version: '3.12.0', revision: '7c6e0b3', time: '2018-05-08T14:04:26.12Z'
System info: host: 'DESKTOP-6L7S93F', ip: '192.168.0.110', os.name: 'Windows 10', os.arch: 'amd64', os.version: '10.0', java.version: '9.0.1'
Driver info: org.openqa.selenium.firefox.FirefoxDriver
Capabilities {acceptInsecureCerts: true, browserName: firefox, browserVersion: 60.0.2, javascriptEnabled: true, moz:accessibilityChecks: false, moz:headless: false, moz:processID: 18304, moz:profile: C:\Users\dmytr\AppData\Loca..., moz:useNonSpecCompliantPointerOrigin: false, moz:webdriverClick: true, pageLoadStrategy: normal, platform: XP, platformName: XP, platformVersion: 10.0, rotatable: false, timeouts: {implicit: 0, pageLoad: 300000, script: 30000}}
Session ID: dbc4966e-90c9-4853-88a6-d4286aa930f5
*** Element info: {Using=xpath, value=//*[@id=&quot;mm-0&quot;]/div[3]/div/div[1]/div[1]/div[2]/span[1]}
	at java.base/jdk.internal.reflect.NativeConstructorAccessorImpl.newInstance0(Native Method)
	at java.base/jdk.internal.reflect.NativeConstructorAccessorImpl.newInstance(NativeConstructorAccessorImpl.java:62)
	at java.base/jdk.internal.reflect.DelegatingConstructorAccessorImpl.newInstance(DelegatingConstructorAccessorImpl.java:45)
	at java.base/java.lang.reflect.Constructor.newInstance(Constructor.java:488)
	at org.openqa.selenium.remote.http.W3CHttpResponseCodec.createException(W3CHttpResponseCodec.java:187)
	at org.openqa.selenium.remote.http.W3CHttpResponseCodec.decode(W3CHttpResponseCodec.java:122)
	at org.openqa.selenium.remote.http.W3CHttpResponseCodec.decode(W3CHttpResponseCodec.java:49)
	at org.openqa.selenium.remote.HttpCommandExecutor.execute(HttpCommandExecutor.java:158)
	at org.openqa.selenium.remote.service.DriverCommandExecutor.execute(DriverCommandExecutor.java:83)
	at org.openqa.selenium.remote.RemoteWebDriver.execute(RemoteWebDriver.java:543)
	at org.openqa.selenium.remote.RemoteWebDriver.findElement(RemoteWebDriver.java:317)
	at org.openqa.selenium.remote.RemoteWebDriver.findElementByXPath(RemoteWebDriver.java:419)
	at com.Pro_Papers.LoginClientTest.Login1(LoginClientTest.java:23)
	at java.base/jdk.internal.reflect.NativeMethodAccessorImpl.invoke0(Native Method)
	at java.base/jdk.internal.reflect.NativeMethodAccessorImpl.invoke(NativeMethodAccessorImpl.java:62)
	at java.base/jdk.internal.reflect.DelegatingMethodAccessorImpl.invoke(DelegatingMethodAccessorImpl.java:43)
	at java.base/java.lang.reflect.Method.invoke(Method.java:564)
	at org.junit.runners.model.FrameworkMethod$1.runReflectiveCall(FrameworkMethod.java:50)
	at org.junit.internal.runners.model.ReflectiveCallable.run(ReflectiveCallable.java:12)
	at org.junit.runners.model.FrameworkMethod.invokeExplosively(FrameworkMethod.java:47)
	at org.junit.internal.runners.statements.InvokeMethod.evaluate(InvokeMethod.java:17)
	at org.junit.internal.runners.statements.RunBefores.evaluate(RunBefores.java:26)
	at org.junit.internal.runners.statements.RunAfters.evaluate(RunAfters.java:27)
	at org.junit.runners.ParentRunner.runLeaf(ParentRunner.java:325)
	at org.junit.runners.BlockJUnit4ClassRunner.runChild(BlockJUnit4ClassRunner.java:78)
	at org.junit.runners.BlockJUnit4ClassRunner.runChild(BlockJUnit4ClassRunner.java:57)
	at org.junit.runners.ParentRunner$3.run(ParentRunner.java:290)
	at org.junit.runners.ParentRunner$1.schedule(ParentRunner.java:71)
	at org.junit.runners.ParentRunner.runChildren(ParentRunner.java:288)
	at org.junit.runners.ParentRunner.access$000(ParentRunner.java:58)
	at org.junit.runners.ParentRunner$2.evaluate(ParentRunner.java:268)
	at org.junit.runners.ParentRunner.run(ParentRunner.java:363)
	at org.apache.maven.surefire.junit4.JUnit4Provider.execute(JUnit4Provider.java:252)
	at org.apache.maven.surefire.junit4.JUnit4Provider.executeTestSet(JUnit4Provider.java:141)
	at org.apache.maven.surefire.junit4.JUnit4Provider.invoke(JUnit4Provider.java:112)
	at java.base/jdk.internal.reflect.NativeMethodAccessorImpl.invoke0(Native Method)
	at java.base/jdk.internal.reflect.NativeMethodAccessorImpl.invoke(NativeMethodAccessorImpl.java:62)
	at java.base/jdk.internal.reflect.DelegatingMethodAccessorImpl.invoke(DelegatingMethodAccessorImpl.java:43)
	at java.base/java.lang.reflect.Method.invoke(Method.java:564)
	at org.apache.maven.surefire.util.ReflectionUtils.invokeMethodWithArray(ReflectionUtils.java:189)
	at org.apache.maven.surefire.booter.ProviderFactory$ProviderProxy.invoke(ProviderFactory.java:165)
	at org.apache.maven.surefire.booter.ProviderFactory.invokeProvider(ProviderFactory.java:85)
	at org.apache.maven.surefire.booter.ForkedBooter.runSuitesInProcess(ForkedBooter.java:115)
	at org.apache.maven.surefire.booter.ForkedBooter.main(ForkedBooter.java:75)</pre></div></div></td>
<td></td></tr></table></div>
<div class="section">
<h3><a name="LoginTest"></a>LoginTest</h3><a name="com.vipwriters.LoginTest"></a>
<table border="1" class="bodyTable">
<tr class="a">
<td><img src="images/icon_success_sml.gif" alt="" /></td>
<td><a name="TC_com.vipwriters.LoginTest.Loginuser"></a>Loginuser</td>
<td>28.553</td></tr></table></div><br /></div>
<div class="section">
<h2><a name="Failure_Details"></a>Failure Details</h2><a name="Failure_Details"></a>
<p>[<a href="#Summary">Summary</a>] [<a href="#Package_List">Package List</a>] [<a href="#Test_Cases">Test Cases</a>]</p><br />
<table border="1" class="bodyTable">
<tr class="a">
<td><img src="images/icon_error_sml.gif" alt="" /></td>
<td><a name="com.Pro_Papers.CurrentOrders.DetailedOrderViewTest.DetaileOrder"></a>DetaileOrder</td></tr>
<tr class="b">
<td></td>
<td>org.openqa.selenium.NoSuchElementException: Unable to locate element: .table &gt; tbody:nth-child(2) &gt; tr:nth-child(48) &gt; td:nth-child(1) &gt; a:nth-child(1) For documentation on this error, please visit: http://seleniumhq.org/exceptions/no_such_element.html Build info: version: '3.12.0', revision: '7c6e0b3', time: '2018-05-08T14:04:26.12Z' System info: host: 'DESKTOP-6L7S93F', ip: '192.168.0.110', os.name: 'Windows 10', os.arch: 'amd64', os.version: '10.0', java.version: '9.0.1' Driver info: org.openqa.selenium.firefox.FirefoxDriver Capabilities {acceptInsecureCerts: true, browserName: firefox, browserVersion: 60.0.2, javascriptEnabled: true, moz:accessibilityChecks: false, moz:headless: false, moz:processID: 12556, moz:profile: C:\Users\dmytr\AppData\Loca..., moz:useNonSpecCompliantPointerOrigin: false, moz:webdriverClick: true, pageLoadStrategy: normal, platform: XP, platformName: XP, platformVersion: 10.0, rotatable: false, timeouts: {implicit: 0, pageLoad: 300000, script: 30000}} Session ID: d29eadfc-e83e-42d0-8bda-e200b3889b7b *** Element info: {Using=css selector, value=.table &gt; tbody:nth-child(2) &gt; tr:nth-child(48) &gt; td:nth-child(1) &gt; a:nth-child(1)}</td></tr>
<tr class="a">
<td></td>
<td>
<div id="DetaileOrder-error"><a href="./xref-test/com/Pro_Papers/CurrentOrders/DetailedOrderViewTest.html#16">com.Pro_Papers.CurrentOrders.DetailedOrderViewTest:16</a></div></td></tr>
<tr class="b">
<td><img src="images/icon_error_sml.gif" alt="" /></td>
<td><a name="com.Pro_Papers.LoginClientTest.Login1"></a>Login1</td></tr>
<tr class="a">
<td></td>
<td>org.openqa.selenium.NoSuchElementException: Unable to locate element: //*[@id=&quot;mm-0&quot;]/div[3]/div/div[1]/div[1]/div[2]/span[1] For documentation on this error, please visit: http://seleniumhq.org/exceptions/no_such_element.html Build info: version: '3.12.0', revision: '7c6e0b3', time: '2018-05-08T14:04:26.12Z' System info: host: 'DESKTOP-6L7S93F', ip: '192.168.0.110', os.name: 'Windows 10', os.arch: 'amd64', os.version: '10.0', java.version: '9.0.1' Driver info: org.openqa.selenium.firefox.FirefoxDriver Capabilities {acceptInsecureCerts: true, browserName: firefox, browserVersion: 60.0.2, javascriptEnabled: true, moz:accessibilityChecks: false, moz:headless: false, moz:processID: 18304, moz:profile: C:\Users\dmytr\AppData\Loca..., moz:useNonSpecCompliantPointerOrigin: false, moz:webdriverClick: true, pageLoadStrategy: normal, platform: XP, platformName: XP, platformVersion: 10.0, rotatable: false, timeouts: {implicit: 0, pageLoad: 300000, script: 30000}} Session ID: dbc4966e-90c9-4853-88a6-d4286aa930f5 *** Element info: {Using=xpath, value=//*[@id=&quot;mm-0&quot;]/div[3]/div/div[1]/div[1]/div[2]/span[1]}</td></tr>
<tr class="b">
<td></td>
<td>
<div id="Login1-error"><a href="./xref-test/com/Pro_Papers/LoginClientTest.html#23">com.Pro_Papers.LoginClientTest:23</a></div></td></tr></table><br /></div>
      </div>
    </div>
    <div class="clear">
      <hr/>
    </div>
    <div id="footer">
      <div class="xright">
              Copyright &#169;                   2018.
          All rights reserved.      
                    
                  </div>
      <div class="clear">
        <hr/>
      </div>
    </div>
  </body>
</html>
